Unable to capture context for thread 16620 in process 3948, can not generate back trace
Exception at PC 0x00007FFD2538BB93
Printing stacktrace...

[0]  [0x00007FFD2538BB93]
[1]  [0x00007FFD2538BB93]
[2]  [0x00007FFD2538B4A1]
[3]  [0x00007FFD2538B3EF]
[4]  [0x00007FFD253719FE]
[5]  [0x00007FFD25370ED1]
[6]  [0x00007FFD25370D76]
[7]  [0x00007FFD253179F6]
[8]  [0x00007FFD25307AFB]
[9]  [0x00007FFD2542E90A]
[10]  [0x00007FFD25449F87]
[11]  [0x00007FFD2544A05F]
[12] (BaseThreadInitThunk+0x17) [0x00007FFE3626E8D7]
[13] (RtlUserThreadStart+0x2c) [0x00007FFE36A4C53C]
Done
Exception at PC 0x00007FFD25091A52
Attemped to write at address 0x00007FFDBB6CABA4
Printing stacktrace...

[0]  [0x00007FFD25091A52]
[1]  [0x00007FFD25091A52]
[2]  [0x00007FFD25091AD4]
[3]  [0x00007FFD251D3FF7]
[4]  [0x00007FFD250B9128]
[5]  [0x00007FFD2536DFB9]
[6]  [0x00007FFD2553EF23]
[7]  [0x00007FFD2544B06B]
[8]  [0x00007FFD254408AF]
[9]  [0x00007FFD25440A32]
[10] (RtlEncodeRemotePointer+0xce) [0x00007FFE36B1F86E]
[11] (RtlRaiseException+0x156e) [0x00007FFE369CBCAE]
[12] (LdrShutdownProcess+0x17f) [0x00007FFE36A4D4AF]
[13] (RtlExitUserProcess+0x9e) [0x00007FFE36A4C67E]
[14] (FatalExit+0xb) [0x00007FFE362818AB]
[15] (exit+0x89) [0x00007FFE361CE2C9]
[16] (initterm_e+0x244) [0x00007FFE361CE914]
[17]  [0x00000000004014CD]
[18]  [0x000000000040151B]
[19] (BaseThreadInitThunk+0x17) [0x00007FFE3626E8D7]
[20] (RtlUserThreadStart+0x2c) [0x00007FFE36A4C53C]
Done
